# JRE version: Java(TM) SE Runtime Environment (7.0_75-b13) (build 1.7.0_75-b13)
# Java VM: Java HotSpot(TM) 64-Bit Server VM (24.75-b04 mixed mode linux-amd64 compressed oops)
Heap
 PSYoungGen      total 318464K, used 315936K [0x00000000ec680000, 0x0000000100000000, 0x0000000100000000)
  eden space 315904K, 100% used [0x00000000ec680000,0x00000000ffb00000,0x00000000ffb00000)
  from space 2560K, 1% used [0x00000000ffd80000,0x00000000ffd88000,0x0000000100000000)
  to   space 2560K, 0% used [0x00000000ffb00000,0x00000000ffb00000,0x00000000ffd80000)
 ParOldGen       total 47104K, used 18194K [0x00000000c5400000, 0x00000000c8200000, 0x00000000ec680000)
  object space 47104K, 38% used [0x00000000c5400000,0x00000000c65c4b28,0x00000000c8200000)
 PSPermGen       total 29696K, used 14815K [0x00000000c0200000, 0x00000000c1f00000, 0x00000000c5400000)
  object space 29696K, 49% used [0x00000000c0200000,0x00000000c1077de8,0x00000000c1f00000)
GC Heap History (10 events):
Event: 64,495 GC heap before
{Heap before GC invocations=27 (full 1):
 PSYoungGen      total 317952K, used 64K [0x00000000ec680000, 0x0000000100000000, 0x0000000100000000)
  eden space 314880K, 0% used [0x00000000ec680000,0x00000000ec680000,0x00000000ffa00000)
  from space 3072K, 2% used [0x00000000ffd00000,0x00000000ffd10000,0x0000000100000000)
  to   space 3072K, 0% used [0x00000000ffa00000,0x00000000ffa00000,0x00000000ffd00000)
 ParOldGen       total 56320K, used 45347K [0x00000000c5400000, 0x00000000c8b00000, 0x00000000ec680000)
  object space 56320K, 80% used [0x00000000c5400000,0x00000000c8048fe0,0x00000000c8b00000)
 PSPermGen       total 21504K, used 14819K [0x00000000c0200000, 0x00000000c1700000, 0x00000000c5400000)
  object space 21504K, 68% used [0x00000000c0200000,0x00000000c1078e48,0x00000000c1700000)
Event: 64,700 GC heap after
Heap after GC invocations=27 (full 1):
 PSYoungGen      total 317952K, used 0K [0x00000000ec680000, 0x0000000100000000, 0x0000000100000000)
  eden space 314880K, 0% used [0x00000000ec680000,0x00000000ec680000,0x00000000ffa00000)
  from space 3072K, 0% used [0x00000000ffd00000,0x00000000ffd00000,0x0000000100000000)
  to   space 3072K, 0% used [0x00000000ffa00000,0x00000000ffa00000,0x00000000ffd00000)
 ParOldGen       total 47104K, used 18170K [0x00000000c5400000, 0x00000000c8200000, 0x00000000ec680000)
  object space 47104K, 38% used [0x00000000c5400000,0x00000000c65beb28,0x00000000c8200000)
 PSPermGen       total 29696K, used 14813K [0x00000000c0200000, 0x00000000c1f00000, 0x00000000c5400000)
  object space 29696K, 49% used [0x00000000c0200000,0x00000000c10777b0,0x00000000c1f00000)
}
Event: 65,590 GC heap before
{Heap before GC invocations=28 (full 1):
 PSYoungGen      total 317952K, used 314880K [0x00000000ec680000, 0x0000000100000000, 0x0000000100000000)
  eden space 314880K, 100% used [0x00000000ec680000,0x00000000ffa00000,0x00000000ffa00000)
  from space 3072K, 0% used [0x00000000ffd00000,0x00000000ffd00000,0x0000000100000000)
  to   space 3072K, 0% used [0x00000000ffa00000,0x00000000ffa00000,0x00000000ffd00000)
 ParOldGen       total 47104K, used 18170K [0x00000000c5400000, 0x00000000c8200000, 0x00000000ec680000)
  object space 47104K, 38% used [0x00000000c5400000,0x00000000c65beb28,0x00000000c8200000)
 PSPermGen       total 29696K, used 14813K [0x00000000c0200000, 0x00000000c1f00000, 0x00000000c5400000)
  object space 29696K, 49% used [0x00000000c0200000,0x00000000c10777b0,0x00000000c1f00000)
Event: 65,610 GC heap after
Heap after GC invocations=28 (full 1):
 PSYoungGen      total 317952K, used 32K [0x00000000ec680000, 0x0000000100000000, 0x0000000100000000)
  eden space 314880K, 0% used [0x00000000ec680000,0x00000000ec680000,0x00000000ffa00000)
  from space 3072K, 1% used [0x00000000ffa00000,0x00000000ffa08000,0x00000000ffd00000)
  to   space 3072K, 0% used [0x00000000ffd00000,0x00000000ffd00000,0x0000000100000000)
 ParOldGen       total 47104K, used 18170K [0x00000000c5400000, 0x00000000c8200000, 0x00000000ec680000)
  object space 47104K, 38% used [0x00000000c5400000,0x00000000c65beb28,0x00000000c8200000)
 PSPermGen       total 29696K, used 14813K [0x00000000c0200000, 0x00000000c1f00000, 0x00000000c5400000)
  object space 29696K, 49% used [0x00000000c0200000,0x00000000c10777b0,0x00000000c1f00000)
}
Event: 66,514 GC heap before
{Heap before GC invocations=29 (full 1):
 PSYoungGen      total 317952K, used 314912K [0x00000000ec680000, 0x0000000100000000, 0x0000000100000000)
  eden space 314880K, 100% used [0x00000000ec680000,0x00000000ffa00000,0x00000000ffa00000)
  from space 3072K, 1% used [0x00000000ffa00000,0x00000000ffa08000,0x00000000ffd00000)
  to   space 3072K, 0% used [0x00000000ffd00000,0x00000000ffd00000,0x0000000100000000)
 ParOldGen       total 47104K, used 18170K [0x00000000c5400000, 0x00000000c8200000, 0x00000000ec680000)
  object space 47104K, 38% used [0x00000000c5400000,0x00000000c65beb28,0x00000000c8200000)
 PSPermGen       total 29696K, used 14813K [0x00000000c0200000, 0x00000000c1f00000, 0x00000000c5400000)
  object space 29696K, 49% used [0x00000000c0200000,0x00000000c10777b0,0x00000000c1f00000)
Event: 66,536 GC heap after
Heap after GC invocations=29 (full 1):
 PSYoungGen      total 316928K, used 64K [0x00000000ec680000, 0x00000000fff00000, 0x0000000100000000)
  eden space 314880K, 0% used [0x00000000ec680000,0x00000000ec680000,0x00000000ffa00000)
  from space 2048K, 3% used [0x00000000ffd00000,0x00000000ffd10000,0x00000000fff00000)
  to   space 2560K, 0% used [0x00000000ffa00000,0x00000000ffa00000,0x00000000ffc80000)
 ParOldGen       total 47104K, used 18186K [0x00000000c5400000, 0x00000000c8200000, 0x00000000ec680000)
  object space 47104K, 38% used [0x00000000c5400000,0x00000000c65c2b28,0x00000000c8200000)
 PSPermGen       total 29696K, used 14813K [0x00000000c0200000, 0x00000000c1f00000, 0x00000000c5400000)
  object space 29696K, 49% used [0x00000000c0200000,0x00000000c10777b0,0x00000000c1f00000)
}
Event: 67,417 GC heap before
{Heap before GC invocations=30 (full 1):
 PSYoungGen      total 316928K, used 314944K [0x00000000ec680000, 0x00000000fff00000, 0x0000000100000000)
  eden space 314880K, 100% used [0x00000000ec680000,0x00000000ffa00000,0x00000000ffa00000)
  from space 2048K, 3% used [0x00000000ffd00000,0x00000000ffd10000,0x00000000fff00000)
  to   space 2560K, 0% used [0x00000000ffa00000,0x00000000ffa00000,0x00000000ffc80000)
 ParOldGen       total 47104K, used 18186K [0x00000000c5400000, 0x00000000c8200000, 0x00000000ec680000)
  object space 47104K, 38% used [0x00000000c5400000,0x00000000c65c2b28,0x00000000c8200000)
 PSPermGen       total 29696K, used 14813K [0x00000000c0200000, 0x00000000c1f00000, 0x00000000c5400000)
  object space 29696K, 49% used [0x00000000c0200000,0x00000000c10777b0,0x00000000c1f00000)
Event: 67,440 GC heap after
Heap after GC invocations=30 (full 1):
 PSYoungGen      total 317440K, used 32K [0x00000000ec680000, 0x0000000100000000, 0x0000000100000000)
  eden space 314880K, 0% used [0x00000000ec680000,0x00000000ec680000,0x00000000ffa00000)
  from space 2560K, 1% used [0x00000000ffa00000,0x00000000ffa08000,0x00000000ffc80000)
  to   space 2560K, 0% used [0x00000000ffd80000,0x00000000ffd80000,0x0000000100000000)
 ParOldGen       total 47104K, used 18194K [0x00000000c5400000, 0x00000000c8200000, 0x00000000ec680000)
  object space 47104K, 38% used [0x00000000c5400000,0x00000000c65c4b28,0x00000000c8200000)
 PSPermGen       total 29696K, used 14813K [0x00000000c0200000, 0x00000000c1f00000, 0x00000000c5400000)
  object space 29696K, 49% used [0x00000000c0200000,0x00000000c10777b0,0x00000000c1f00000)
}
Event: 68,313 GC heap before
{Heap before GC invocations=31 (full 1):
 PSYoungGen      total 317440K, used 314912K [0x00000000ec680000, 0x0000000100000000, 0x0000000100000000)
  eden space 314880K, 100% used [0x00000000ec680000,0x00000000ffa00000,0x00000000ffa00000)
  from space 2560K, 1% used [0x00000000ffa00000,0x00000000ffa08000,0x00000000ffc80000)
  to   space 2560K, 0% used [0x00000000ffd80000,0x00000000ffd80000,0x0000000100000000)
 ParOldGen       total 47104K, used 18194K [0x00000000c5400000, 0x00000000c8200000, 0x00000000ec680000)
  object space 47104K, 38% used [0x00000000c5400000,0x00000000c65c4b28,0x00000000c8200000)
 PSPermGen       total 29696K, used 14813K [0x00000000c0200000, 0x00000000c1f00000, 0x00000000c5400000)
  object space 29696K, 49% used [0x00000000c0200000,0x00000000c10777b0,0x00000000c1f00000)
Event: 68,339 GC heap after
Heap after GC invocations=31 (full 1):
 PSYoungGen      total 318464K, used 32K [0x00000000ec680000, 0x0000000100000000, 0x0000000100000000)
  eden space 315904K, 0% used [0x00000000ec680000,0x00000000ec680000,0x00000000ffb00000)
  from space 2560K, 1% used [0x00000000ffd80000,0x00000000ffd88000,0x0000000100000000)
  to   space 2560K, 0% used [0x00000000ffb00000,0x00000000ffb00000,0x00000000ffd80000)
 ParOldGen       total 47104K, used 18194K [0x00000000c5400000, 0x00000000c8200000, 0x00000000ec680000)
  object space 47104K, 38% used [0x00000000c5400000,0x00000000c65c4b28,0x00000000c8200000)
 PSPermGen       total 29696K, used 14813K [0x00000000c0200000, 0x00000000c1f00000, 0x00000000c5400000)
  object space 29696K, 49% used [0x00000000c0200000,0x00000000c10777b0,0x00000000c1f00000)
}

